<?xml version="1.0" encoding="UTF-8"?>
<!-- Generated by org.testng.reporters.JUnitXMLReporter -->
<testsuite hostname="DESKTOP-H4OHDH0" name="AUTO1 Task" tests="6" failures="0" timestamp="5 Jul 2021 10:05:34 GMT" time="67.57" errors="0">
  <testcase name="verifySearchPageTitleTest" time="0.026" classname="com.MyTest.ValidSearchTest"/>
  <testcase name="verifySearch" time="2.228" classname="com.MyTest.ValidSearchTest"/>
  <testcase name="verifySearchPageTitleInvalidTest" time="0.016" classname="com.MyTest.InvalidSearchTest"/>
  <testcase name="invalidBrandSearch" time="15.662" classname="com.MyTest.InvalidSearchTest"/>
  <testcase name="invalidModelSearch" time="16.449" classname="com.MyTest.InvalidSearchTest"/>
  <testcase name="invalidkm" time="0.286" classname="com.MyTest.InvalidSearchTest"/>
</testsuite> <!-- AUTO1 Task -->
